app/seeds.txt
com.innocomm.ilockscreen.UnlockBar: UnlockBar(android.content.Context,android.util.AttributeSet,int)
com.innocomm.ilockscreen.OverlayService: OverlayService()
com.innocomm.ilockscreen.BootReciver
com.innocomm.ilockscreen.UnlockBar: UnlockBar(android.content.Context)
com.innocomm.ilockscreen.UnlockBar: void setOnUnlockListenerLeft(com.innocomm.ilockscreen.UnlockBar$OnUnlockListener)
com.innocomm.ilockscreen.BootReciver: BootReciver()
com.innocomm.ilockscreen.UnlockBar
com.innocomm.ilockscreen.LockApplication: LockApplication()
com.innocomm.ilockscreen.UnlockBar: void setMarginLeft(int)
com.innocomm.ilockscreen.MainActivity
com.innocomm.ilockscreen.OverlayService
com.innocomm.ilockscreen.LockApplication
com.innocomm.ilockscreen.MainActivity: MainActivity()
com.innocomm.ilockscreen.UnlockBar: UnlockBar(android.content.Context,android.util.AttributeSet)
com.innocomm.ilockscreen.UnlockBar: void setOnUnlockListenerRight(com.innocomm.ilockscreen.UnlockBar$OnUnlockListener)
...
androidx.appcompat.R$style: int Platform_V25_AppCompat
androidx.appcompat.R$styleable: int AppCompatTheme_windowFixedWidthMajor
androidx.core.widget.NestedScrollView: NestedScrollView(android.content.Context,android.util.AttributeSet)
androidx.appcompat.R$styleable: int MenuGroup_android_enabled
androidx.appcompat.R$style: int Base_TextAppearance_AppCompat_Widget_ActionMode_Subtitle
androidx.appcompat.R$id: int checked
androidx.appcompat.R$color: int ripple_material_dark
androidx.appcompat.widget.AppCompatTextView: void setTextFuture(java.util.concurrent.Future)
androidx.appcompat.R$styleable: int Spinner_android_popupBackground
androidx.appcompat.widget.Toolbar: Toolbar(android.content.Context)
androidx.appcompat.R$style: int TextAppearance_AppCompat_Small
androidx.appcompat.widget.AppCompatImageButton: void setImageBitmap(android.graphics.Bitmap)
androidx.appcompat.R$color: int background_material_dark
androidx.appcompat.R$dimen: int abc_list_item_padding_horizontal_material
androidx.core.R$attr: int font
androidx.appcompat.R$style: int Widget_AppCompat_ListView_DropDown
androidx.appcompat.R$style: int Base_Theme_AppCompat_Dialog_FixedSize
androidx.appcompat.R$style: int Platform_V25_AppCompat_Light
androidx.core.R$styleable: int[] FontFamilyFont
androidx.appcompat.widget.Toolbar: void setLogo(android.graphics.drawable.Drawable)
androidx.appcompat.R$drawable: int notification_bg_low_normal
androidx.appcompat.view.menu.ListMenuItemView: android.view.LayoutInflater getInflater()
androidx.appcompat.R$style: int Base_Widget_AppCompat_ActionMode
androidx.appcompat.R$style: int TextAppearance_AppCompat_Subhead
androidx.appcompat.R$attr: int borderlessButtonStyle
androidx.appcompat.R$style: int Widget_AppCompat_Light_ListView_DropDown
androidx.appcompat.R$style: int TextAppearance_Compat_Notification
androidx.appcompat.R$drawable: int abc_list_selector_holo_dark
androidx.appcompat.R$style: int TextAppearance_AppCompat_Medium
androidx.appcompat.R$styleable: int AppCompatTheme_actionMenuTextAppearance
androidx.appcompat.resources.R$styleable: int FontFamilyFont_android_ttcIndex
androidx.appcompat.R$color: int abc_tint_spinner
androidx.appcompat.R$attr: int contentInsetRight
androidx.appcompat.R$styleable: int ActionBar_divider
androidx.appcompat.R$styleable: int AlertDialog_buttonPanelSideLayout
androidx.appcompat.R$styleable: int AppCompatTheme_actionModeStyle
androidx.appcompat.R$attr: int alertDialogCenterButtons
androidx.appcompat.R$id: int scrollIndicatorDown
androidx.appcompat.widget.AppCompatImageView: void setImageDrawable(android.graphics.drawable.Drawable)
androidx.appcompat.R$attr: int thumbTint
androidx.appcompat.R$attr: int dialogTheme
androidx.appcompat.R$styleable: int AppCompatTheme_controlBackground
androidx.appcompat.widget.FitWindowsLinearLayout
androidx.appcompat.R$styleable: int AppCompatTheme_editTextBackground
androidx.appcompat.R$style: int Base_TextAppearance_AppCompat_Widget_DropDownItem
androidx.appcompat.R$style: int Base_TextAppearance_AppCompat_Widget_Button_Inverse
androidx.appcompat.R$styleable: int CompoundButton_buttonCompat
androidx.appcompat.widget.SearchView: androidx.cursoradapter.widget.CursorAdapter getSuggestionsAdapter()
androidx.appcompat.R$styleable: int AppCompatTheme_buttonBarNeutralButtonStyle
androidx.appcompat.widget.AbsActionBarView: AbsActionBarView(android.content.Context,android.util.AttributeSet)
androidx.appcompat.R$attr: int popupWindowStyle
androidx.appcompat.R$drawable: int abc_btn_check_to_on_mtrl_015
androidx.appcompat.R$styleable: int AppCompatTheme_editTextStyle
androidx.appcompat.widget.ViewStubCompat: int getLayoutResource()
androidx.appcompat.R$style: int Base_TextAppearance_AppCompat_Headline
androidx.appcompat.R$style: int TextAppearance_AppCompat_Widget_Switch
androidx.appcompat.R$style: int Base_Widget_AppCompat_DrawerArrowToggle_Common
androidx.appcompat.R$style: int Widget_AppCompat_Spinner
androidx.appcompat.resources.R$drawable: int notification_bg_low_pressed