app/mapping.txt
# compiler: R8
# compiler_version: 1.5.68
# min_api: 26
# pg_map_id: eeb8f59
com.innocomm.ilockscreen.BootReciver -> com.innocomm.ilockscreen.BootReciver:
    1:1:com.innocomm.ilockscreen.LockApplication com.innocomm.ilockscreen.LockApplication.getInstance():0:0 -> onReceive
    1:1:void onReceive(android.content.Context,android.content.Intent):0 -> onReceive
    2:2:void onReceive(android.content.Context,android.content.Intent):0:0 -> onReceive
    3:3:com.innocomm.ilockscreen.LockApplication com.innocomm.ilockscreen.LockApplication.getInstance():0:0 -> onReceive
    3:3:void onReceive(android.content.Context,android.content.Intent):0 -> onReceive
    4:4:void onReceive(android.content.Context,android.content.Intent):0:0 -> onReceive
com.innocomm.ilockscreen.LockApplication -> com.innocomm.ilockscreen.LockApplication:
    com.innocomm.ilockscreen.LockApplication mInstance -> c
    android.content.SharedPreferences sharedPref -> b
    1:1:void com.innocomm.ilockscreen.LockScreenMgr.printlog(java.lang.String,java.lang.String):0:0 -> a
    1:1:boolean getServiceState():0 -> a
    2:2:void com.innocomm.ilockscreen.LockScreenMgr.printlog(java.lang.String,java.lang.String):0:0 -> a
    2:2:void setServiceState(boolean):0 -> a
    3:3:void setServiceState(boolean):0:0 -> a
    1:1:void com.innocomm.ilockscreen.LockScreenMgr.printlog(java.lang.String,java.lang.String):0:0 -> b
    1:1:boolean getServiceSwitch():0 -> b
    2:2:void com.innocomm.ilockscreen.LockScreenMgr.printlog(java.lang.String,java.lang.String):0:0 -> b
    2:2:void setServiceSwitch(boolean):0 -> b
    3:3:void setServiceSwitch(boolean):0:0 -> b
    1:1:com.innocomm.ilockscreen.LockApplication getInstance():0:0 -> onCreate
    1:1:void onCreate():0 -> onCreate
    2:2:void onCreate():0:0 -> onCreate
    3:3:void com.innocomm.ilockscreen.LockScreenMgr.init(android.content.Context):0:0 -> onCreate
    3:3:void onCreate():0 -> onCreate
com.innocomm.ilockscreen.LockApplication$1 -> com.innocomm.ilockscreen.LockApplication$a:
com.innocomm.ilockscreen.LockScreenMgr -> n9:
    android.content.Context context -> a
    com.innocomm.ilockscreen.LockScreenMgr singleton -> b
    1:1:com.innocomm.ilockscreen.LockApplication com.innocomm.ilockscreen.LockApplication.getInstance():0:0 -> a
    1:1:void active(boolean):0 -> a
    2:2:void active(boolean):0:0 -> a
    3:3:com.innocomm.ilockscreen.LockApplication com.innocomm.ilockscreen.LockApplication.getInstance():0:0 -> a
    3:3:void deactivate():0 -> a
    4:4:void deactivate():0:0 -> a
    1:1:com.innocomm.ilockscreen.LockApplication com.innocomm.ilockscreen.LockApplication.getInstance():0:0 -> b
    1:1:boolean isActive():0 -> b
    2:2:boolean isActive():0:0 -> b
    com.innocomm.ilockscreen.LockScreenMgr getInstance() -> c
com.innocomm.ilockscreen.MainActivity -> com.innocomm.ilockscreen.MainActivity:
    android.widget.ToggleButton toggleButton -> s
    1:1:void com.innocomm.ilockscreen.LockScreenMgr.printlog(java.lang.String,java.lang.String):0:0 -> onActivityResult
    1:1:void onActivityResult(int,int,android.content.Intent):0 -> onActivityResult
    void addOverlay() -> q
com.innocomm.ilockscreen.MainActivity$1 -> com.innocomm.ilockscreen.MainActivity$a:
    com.innocomm.ilockscreen.MainActivity this$0 -> a
    1:1:void com.innocomm.ilockscreen.LockScreenMgr.printlog(java.lang.String,java.lang.String):0:0 -> onCheckedChanged
    1:1:void onCheckedChanged(android.widget.CompoundButton,boolean):0 -> onCheckedChanged
    2:2:void onCheckedChanged(android.widget.CompoundButton,boolean):0:0 -> onCheckedChanged
...
androidx.fragment.app.BackStackRecord -> e7:
    androidx.fragment.app.FragmentManagerImpl mManager -> r
    int mIndex -> t
    boolean mCommitted -> s
    void bumpBackStackNesting(int) -> a
    void dump(java.lang.String,java.io.PrintWriter,boolean) -> a
    1:1:void androidx.fragment.app.Fragment.setNextTransition(int,int):0:0 -> a
    1:1:void executeOps():0 -> a
    2:2:void executeOps():0:0 -> a
    3:3:void androidx.fragment.app.Fragment.setNextTransition(int,int):0:0 -> a
    3:3:void executePopOps(boolean):0 -> a
    4:4:void executePopOps(boolean):0:0 -> a
    5:5:void androidx.fragment.app.FragmentManagerImpl.addBackStackState(androidx.fragment.app.BackStackRecord):0:0 -> a
    5:5:boolean generateOps(java.util.ArrayList,java.util.ArrayList):0 -> a
    boolean interactsWith(java.util.ArrayList,int,int) -> a
    6:6:boolean androidx.fragment.app.Fragment.isPostponed():0:0 -> a
    6:6:boolean isFragmentPostponed(androidx.fragment.app.FragmentTransaction$Op):0 -> a
    boolean interactsWith(int) -> b
androidx.fragment.app.BackStackState -> f7:
    int mBreadCrumbShortTitleRes -> l
    java.lang.String mName -> h
    boolean mReorderingAllowed -> p
    int mBreadCrumbTitleRes -> j
    int mIndex -> i
    int mTransition -> f
    int mTransitionStyle -> g
    java.util.ArrayList mFragmentWhos -> c
    java.lang.CharSequence mBreadCrumbTitleText -> k
    java.util.ArrayList mSharedElementTargetNames -> o
    java.lang.CharSequence mBreadCrumbShortTitleText -> m
    java.util.ArrayList mSharedElementSourceNames -> n
    int[] mOps -> b
    int[] mOldMaxLifecycleStates -> d
    int[] mCurrentMaxLifecycleStates -> e
    1:1:void androidx.fragment.app.FragmentTransaction.addOp(androidx.fragment.app.FragmentTransaction$Op):0:0 -> a
    1:1:androidx.fragment.app.BackStackRecord instantiate(androidx.fragment.app.FragmentManagerImpl):0 -> a
    2:2:androidx.fragment.app.BackStackRecord instantiate(androidx.fragment.app.FragmentManagerImpl):0:0 -> a
androidx.fragment.app.BackStackState$1 -> f7$a:
    1:1:androidx.fragment.app.BackStackState createFromParcel(android.os.Parcel):0:0 -> createFromParcel
    1:1:java.lang.Object createFromParcel(android.os.Parcel):0 -> createFromParcel
    1:1:androidx.fragment.app.BackStackState[] newArray(int):0:0 -> newArray
    1:1:java.lang.Object[] newArray(int):0 -> newArray
androidx.fragment.app.Fragment -> androidx.fragment.app.Fragment:
    boolean mRemoving -> m
    java.lang.String mWho -> f
    java.lang.Boolean mSavedUserVisibleHint -> e
    android.os.Bundle mSavedFragmentState -> c
    android.os.Bundle mArguments -> g
    boolean mPerformedCreateView -> q
    androidx.fragment.app.Fragment$AnimationInfo mAnimationInfo -> L
    androidx.lifecycle.MutableLiveData mViewLifecycleOwnerLiveData -> U
    androidx.fragment.app.FragmentManagerImpl mChildFragmentManager -> u
    androidx.fragment.app.FragmentViewLifecycleOwner mViewLifecycleOwner -> T
    android.view.ViewGroup mContainer -> G
    boolean mRetainInstanceChangedWhileDetached -> C
    boolean mIsNewlyAdded -> M
    boolean mFromLayout -> n
    java.lang.String mTargetWho -> i
    boolean mIsCreated -> Q
    androidx.fragment.app.Fragment mParentFragment -> v
    android.view.View mInnerView -> I
    java.lang.String mTag -> y
    boolean mHidden -> z
    android.view.LayoutInflater mLayoutInflater -> P
    int mBackStackNesting -> r
    float mPostponedAlpha -> O
    boolean mHasMenu -> D
    androidx.lifecycle.Lifecycle$State mMaxState -> R
    boolean mHiddenChanged -> N
    boolean mInLayout -> o
    int mTargetRequestCode -> j
    java.lang.Boolean mIsPrimaryNavigationFragment -> k
    boolean mDeferStart -> J
    int mState -> b
    androidx.fragment.app.FragmentHostCallback mHost -> t
    android.view.View mView -> H
    java.lang.Object USE_DEFAULT_TRANSITION -> X
androidx.fragment.app.Fragment$1 -> androidx.fragment.app.Fragment$a:
    androidx.fragment.app.Fragment this$0 -> b