app/unused.txt
com.innocomm.ilockscreen.R$layout
com.innocomm.ilockscreen.R$attr
com.innocomm.ilockscreen.R$anim
com.innocomm.ilockscreen.R$styleable
com.innocomm.ilockscreen.R$color
com.innocomm.ilockscreen.R$string
com.innocomm.ilockscreen.LockScreenMgr
    private static final boolean DEBUG
    private static final java.lang.String TAG
    public static final java.lang.String TAG_SHOW_NOW
com.innocomm.ilockscreen.R$bool
com.innocomm.ilockscreen.R$interpolator
com.innocomm.ilockscreen.R$drawable
com.innocomm.ilockscreen.R$dimen
com.innocomm.ilockscreen.R
com.innocomm.ilockscreen.LockApplication
    private static final java.lang.String TAG
com.innocomm.ilockscreen.R$style
com.innocomm.ilockscreen.R$mipmap
com.innocomm.ilockscreen.R$id
com.innocomm.ilockscreen.MainActivity
    private boolean isIgnoringBatteryOptimizations()
    private void gotoSettingIgnoringBatteryOptimizations()
    private static final java.lang.String TAG
    private static final int OVERLAY_PERMISSION_CODE
    private static final int REQUEST_IGNORE_BATTERY_CODE
com.innocomm.ilockscreen.R$integer
com.innocomm.ilockscreen.OverlayService
    private void UpdateNotification(java.lang.String)
    public float convertDpToPixel(float)
    public float getDensity(android.content.Context)
    private static final java.lang.String CHANNEL_ID_STRING
    private static final int NOTIF_ID
com.innocomm.ilockscreen.BuildConfig
com.innocomm.ilockscreen.LockApplication
    public static com.innocomm.ilockscreen.LockApplication getInstance()
    public static void <clinit>()
    public static java.lang.String sharedPrefTag
    public static java.lang.String TAG_SERVICE_STATE
    public static java.lang.String TAG_SERVICE_SWITCH
com.innocomm.ilockscreen.LockApplication$1
    public final synthetic com.innocomm.ilockscreen.LockApplication this$0
com.innocomm.ilockscreen.MainActivity
    public boolean askedForOverlayPermission
com.innocomm.ilockscreen.UnlockBar
    public static synthetic android.widget.ImageView access$000(com.innocomm.ilockscreen.UnlockBar)
    public static synthetic int access$102(com.innocomm.ilockscreen.UnlockBar,int)
    public static synthetic int access$200(com.innocomm.ilockscreen.UnlockBar,int)
    public static synthetic int access$302(com.innocomm.ilockscreen.UnlockBar,int)
    public static synthetic int access$100(com.innocomm.ilockscreen.UnlockBar)
    public final int dpToPx(int)
com.innocomm.ilockscreen.LockScreenMgr
    public static final void printlog(java.lang.String,java.lang.String)
    public void init(android.content.Context)
com.innocomm.ilockscreen.OverlayService
    public static synthetic java.lang.String access$000()
    public static synthetic void access$100(com.innocomm.ilockscreen.OverlayService)
    public static synthetic void access$200(com.innocomm.ilockscreen.OverlayService)
    public final void registerOverlayReceiver()
    public final void unregisterOverlayReceiver()
...
androidx.appcompat.widget.DropDownListView$GateKeeperDrawable
    public void setEnabled(boolean)
androidx.core.util.Preconditions
androidx.appcompat.widget.TooltipCompatHandler$2
androidx.core.provider.FontsContractCompat$FontFamilyResult
    public int getStatusCode()
    public androidx.core.provider.FontsContractCompat$FontInfo[] getFonts()
androidx.core.widget.CompoundButtonCompat
androidx.fragment.app.FragmentManagerImpl$1
    public void handleOnBackPressed()
androidx.appcompat.app.AppCompatViewInflater
    public static android.content.Context themifyContext(android.content.Context,android.util.AttributeSet,boolean,boolean)
    public androidx.appcompat.widget.AppCompatTextView createTextView(android.content.Context,android.util.AttributeSet)
    public androidx.appcompat.widget.AppCompatImageView createImageView(android.content.Context,android.util.AttributeSet)
    public androidx.appcompat.widget.AppCompatButton createButton(android.content.Context,android.util.AttributeSet)
    public androidx.appcompat.widget.AppCompatEditText createEditText(android.content.Context,android.util.AttributeSet)
    public androidx.appcompat.widget.AppCompatSpinner createSpinner(android.content.Context,android.util.AttributeSet)
    public androidx.appcompat.widget.AppCompatImageButton createImageButton(android.content.Context,android.util.AttributeSet)
    public androidx.appcompat.widget.AppCompatCheckBox createCheckBox(android.content.Context,android.util.AttributeSet)
    public androidx.appcompat.widget.AppCompatRadioButton createRadioButton(android.content.Context,android.util.AttributeSet)
    public androidx.appcompat.widget.AppCompatCheckedTextView createCheckedTextView(android.content.Context,android.util.AttributeSet)
    public androidx.appcompat.widget.AppCompatAutoCompleteTextView createAutoCompleteTextView(android.content.Context,android.util.AttributeSet)
androidx.appcompat.content.res.AppCompatResources
    public static android.content.res.ColorStateList inflateColorStateList(android.content.Context,int)
    public static android.content.res.ColorStateList getCachedColorStateList(android.content.Context,int)
    public static void addColorStateListToCache(android.content.Context,int,android.content.res.ColorStateList)
    public static boolean isColorInt(android.content.Context,int)
    public static android.util.TypedValue getTypedValue()
androidx.fragment.app.FragmentTransitionImpl
    public static void bfsAddViewChildren(java.util.List,android.view.View)
    public static java.lang.String findKeyForValue(java.util.Map,java.lang.String)
    public abstract java.lang.Object wrapTransitionInSet(java.lang.Object)
    public java.util.ArrayList prepareSetNameOverridesReordered(java.util.ArrayList)
    public void setNameOverridesReordered(android.view.View,java.util.ArrayList,java.util.ArrayList,java.util.ArrayList,java.util.Map)
    public void setNameOverridesOrdered(android.view.View,java.util.ArrayList,java.util.Map)
    public abstract void addTarget(java.lang.Object,android.view.View)
    public void scheduleNameReset(android.view.ViewGroup,java.util.ArrayList,java.util.Map)